[2021-03-25 15:02:27,421: DEBUG/MainProcess] | Worker: Preparing bootsteps.
[2021-03-25 15:02:27,424: DEBUG/MainProcess] | Worker: Building graph...
[2021-03-25 15:02:27,425: DEBUG/MainProcess] | Worker: New boot order: {Timer, Hub, Pool, Autoscaler, StateDB, Beat, Consumer}
[2021-03-25 15:02:27,442: DEBUG/MainProcess] | Consumer: Preparing bootsteps.
[2021-03-25 15:02:27,443: DEBUG/MainProcess] | Consumer: Building graph...
[2021-03-25 15:02:27,550: DEBUG/MainProcess] | Consumer: New boot order: {Connection, Events, Mingle, Tasks, Control, Gossip, Agent, Heart, event loop}
[2021-03-25 15:02:27,573: DEBUG/MainProcess] | Worker: Starting Hub
[2021-03-25 15:02:27,574: DEBUG/MainProcess] ^-- substep ok
[2021-03-25 15:02:27,574: DEBUG/MainProcess] | Worker: Starting Pool
[2021-03-25 15:02:27,675: DEBUG/ForkPoolWorker-1] Using selector: KqueueSelector
[2021-03-25 15:02:27,757: DEBUG/ForkPoolWorker-2] Using selector: KqueueSelector
[2021-03-25 15:02:27,830: DEBUG/ForkPoolWorker-3] Using selector: KqueueSelector
[2021-03-25 15:02:27,897: DEBUG/MainProcess] ^-- substep ok
[2021-03-25 15:02:27,897: DEBUG/MainProcess] | Worker: Starting Consumer
[2021-03-25 15:02:27,898: DEBUG/MainProcess] | Consumer: Starting Connection
[2021-03-25 15:02:27,905: DEBUG/ForkPoolWorker-4] Using selector: KqueueSelector
[2021-03-25 15:02:27,927: INFO/MainProcess] Connected to redis://localhost:6379//
[2021-03-25 15:02:27,928: DEBUG/MainProcess] ^-- substep ok
[2021-03-25 15:02:27,928: DEBUG/MainProcess] | Consumer: Starting Events
[2021-03-25 15:02:27,937: DEBUG/MainProcess] ^-- substep ok
[2021-03-25 15:02:27,937: DEBUG/MainProcess] | Consumer: Starting Mingle
[2021-03-25 15:02:27,937: INFO/MainProcess] mingle: searching for neighbors
[2021-03-25 15:02:28,962: INFO/MainProcess] mingle: all alone
[2021-03-25 15:02:28,963: DEBUG/MainProcess] ^-- substep ok
[2021-03-25 15:02:28,963: DEBUG/MainProcess] | Consumer: Starting Tasks
[2021-03-25 15:02:28,970: DEBUG/MainProcess] ^-- substep ok
[2021-03-25 15:02:28,970: DEBUG/MainProcess] | Consumer: Starting Control
[2021-03-25 15:02:28,974: DEBUG/MainProcess] ^-- substep ok
[2021-03-25 15:02:28,974: DEBUG/MainProcess] | Consumer: Starting Gossip
[2021-03-25 15:02:28,980: DEBUG/MainProcess] ^-- substep ok
[2021-03-25 15:02:28,980: DEBUG/MainProcess] | Consumer: Starting Heart
[2021-03-25 15:02:28,983: DEBUG/MainProcess] ^-- substep ok
[2021-03-25 15:02:28,983: DEBUG/MainProcess] | Consumer: Starting event loop
[2021-03-25 15:02:28,983: DEBUG/MainProcess] | Worker: Hub.register Pool...
[2021-03-25 15:02:28,986: WARNING/MainProcess] /Users/junaidtariq/env/Nitrx/lib/python3.7/site-packages/celery/fixups/django.py:204: UserWarning: Using settings.DEBUG leads to a memory
            leak, never use this setting in production environments!
  leak, never use this setting in production environments!''')

[2021-03-25 15:02:28,986: INFO/MainProcess] celery@Junaids-MacBook-Pro.local ready.
[2021-03-25 15:02:28,986: DEBUG/MainProcess] basic.qos: prefetch_count->16
[2021-03-25 15:03:10,661: DEBUG/MainProcess] | Worker: Closing Hub...
[2021-03-25 15:03:10,662: DEBUG/MainProcess] | Worker: Closing Pool...
[2021-03-25 15:03:10,662: DEBUG/MainProcess] | Worker: Closing Consumer...
[2021-03-25 15:03:10,662: DEBUG/MainProcess] | Worker: Stopping Consumer...
[2021-03-25 15:03:10,662: DEBUG/MainProcess] | Consumer: Closing Connection...
[2021-03-25 15:03:10,662: DEBUG/MainProcess] | Consumer: Closing Events...
[2021-03-25 15:03:10,662: DEBUG/MainProcess] | Consumer: Closing Mingle...
[2021-03-25 15:03:10,662: DEBUG/MainProcess] | Consumer: Closing Tasks...
[2021-03-25 15:03:10,662: DEBUG/MainProcess] | Consumer: Closing Control...
[2021-03-25 15:03:10,663: DEBUG/MainProcess] | Consumer: Closing Gossip...
[2021-03-25 15:03:10,663: DEBUG/MainProcess] | Consumer: Closing Heart...
[2021-03-25 15:03:10,663: DEBUG/MainProcess] | Consumer: Closing event loop...
[2021-03-25 15:03:10,663: DEBUG/MainProcess] | Consumer: Stopping event loop...
[2021-03-25 15:03:10,663: DEBUG/MainProcess] | Consumer: Stopping Heart...
[2021-03-25 15:03:10,664: DEBUG/MainProcess] | Consumer: Stopping Gossip...
[2021-03-25 15:03:10,666: DEBUG/MainProcess] | Consumer: Stopping Control...
[2021-03-25 15:03:10,667: DEBUG/MainProcess] | Consumer: Stopping Tasks...
[2021-03-25 15:03:10,668: DEBUG/MainProcess] Canceling task consumer...
[2021-03-25 15:03:10,668: DEBUG/MainProcess] | Consumer: Stopping Mingle...
[2021-03-25 15:03:10,668: DEBUG/MainProcess] | Consumer: Stopping Events...
[2021-03-25 15:03:10,668: DEBUG/MainProcess] | Consumer: Stopping Connection...
[2021-03-25 15:03:10,668: DEBUG/MainProcess] | Worker: Stopping Pool...
[2021-03-25 15:03:11,678: DEBUG/MainProcess] | Worker: Stopping Hub...
[2021-03-25 15:03:11,678: DEBUG/MainProcess] | Consumer: Shutdown Heart...
[2021-03-25 15:03:11,678: DEBUG/MainProcess] | Consumer: Shutdown Gossip...
[2021-03-25 15:03:11,678: DEBUG/MainProcess] | Consumer: Shutdown Control...
[2021-03-25 15:03:11,678: DEBUG/MainProcess] | Consumer: Shutdown Tasks...
[2021-03-25 15:03:11,678: DEBUG/MainProcess] Canceling task consumer...
[2021-03-25 15:03:11,679: DEBUG/MainProcess] Closing consumer channel...
[2021-03-25 15:03:11,679: DEBUG/MainProcess] | Consumer: Shutdown Events...
[2021-03-25 15:03:11,679: DEBUG/MainProcess] | Consumer: Shutdown Connection...
[2021-03-25 15:03:11,682: DEBUG/MainProcess] removing tasks from inqueue until task handler finished
